<?xml version="1.0" encoding="UTF-8"?>
<testng-results ignored="0" total="3" passed="3" failed="0" skipped="0">
  <reporter-output>
  </reporter-output>
  <suite started-at="2021-03-27T22:57:33 EET" name="Default suite" finished-at="2021-03-27T22:58:34 EET" duration-ms="60428">
    <groups>
    </groups>
    <test started-at="2021-03-27T22:57:33 EET" name="Default test" finished-at="2021-03-27T22:58:34 EET" duration-ms="60428">
      <class name="appiumtests.AppiumTests">
        <test-method is-config="true" signature="initialization()[pri:0, instance:appiumtests.AppiumTests@69e1dd28]" started-at="2021-03-27T22:57:33 EET" name="initialization" finished-at="2021-03-27T22:58:00 EET" duration-ms="27012" status="PASS">
          <reporter-output>
          </reporter-output>
        </test-method> <!-- initialization -->
        <test-method signature="validEmailLogin()[pri:0, instance:appiumtests.AppiumTests@69e1dd28]" started-at="2021-03-27T22:58:00 EET" name="validEmailLogin" finished-at="2021-03-27T22:58:14 EET" duration-ms="13343" status="PASS">
          <reporter-output>
          </reporter-output>
        </test-method> <!-- validEmailLogin -->
        <test-method signature="betweenTests()[pri:1, instance:appiumtests.AppiumTests@69e1dd28]" started-at="2021-03-27T22:58:14 EET" name="betweenTests" finished-at="2021-03-27T22:58:29 EET" duration-ms="15062" status="PASS">
          <reporter-output>
          </reporter-output>
        </test-method> <!-- betweenTests -->
        <test-method signature="invalidEmailLogin()[pri:2, instance:appiumtests.AppiumTests@69e1dd28]" started-at="2021-03-27T22:58:29 EET" name="invalidEmailLogin" finished-at="2021-03-27T22:58:34 EET" duration-ms="4981" status="PASS">
          <reporter-output>
          </reporter-output>
        </test-method> <!-- invalidEmailLogin -->
      </class> <!-- appiumtests.AppiumTests -->
    </test> <!-- Default test -->
  </suite> <!-- Default suite -->
</testng-results>
