<?xml version="1.0" encoding="UTF-8"?>
<!-- Generated by org.testng.reporters.JUnitXMLReporter -->
<testsuite ignored="0" hostname="meldeeb-latitude-e6540" failures="0" tests="3" name="Default test" time="60.428" errors="0" timestamp="2021-03-27T22:58:34 EET">
  <testcase classname="appiumtests.AppiumTests" name="validEmailLogin" time="13.343"/>
  <testcase classname="appiumtests.AppiumTests" name="betweenTests" time="15.062"/>
  <testcase classname="appiumtests.AppiumTests" name="invalidEmailLogin" time="4.981"/>
</testsuite> <!-- Default test -->
